{
  "RSpec": {
    "coverage": {
      "/home/richard/code/letting/app/helpers/application_helper.rb": [
        null,
        null,
        null,
        null,
        null,
        null,
        null,
        null,
        null,
        null,
        1,
        1,
        165,
        null,
        null,
        1,
        76,
        24,
        null,
        null,
        null,
        null,
        52,
        null,
        null,
        null,
        null,
        null,
        null
      ],
      "/home/richard/code/letting/app/helpers/debit_generators_helper.rb": [
        null,
        null,
        null,
        null,
        null,
        null,
        1,
        1,
        4,
        null,
        null,
        null
      ],
      "/home/richard/code/letting/app/helpers/entity_helper.rb": [
        null,
        null,
        null,
        null,
        null,
        null,
        null,
        null,
        null,
        null,
        null,
        null,
        null,
        null,
        1,
        1,
        152,
        77,
        null,
        null,
        null,
        null,
        null,
        null,
        1,
        152,
        null,
        null,
        null,
        null,
        null,
        null,
        null,
        null,
        null,
        null,
        1,
        152,
        null,
        null
      ],
      "/home/richard/code/letting/app/helpers/navigation_helper.rb": [
        null,
        null,
        null,
        null,
        null,
        null,
        null,
        null,
        null,
        null,
        null,
        null,
        null,
        null,
        null,
        null,
        null,
        1,
        1,
        1738,
        286,
        null,
        1452,
        null,
        null,
        null,
        1,
        1978,
        323,
        null,
        1655,
        null,
        null,
        null
      ],
      "/home/richard/code/letting/app/helpers/properties_helper.rb": [
        null,
        null,
        null,
        null,
        null,
        null,
        null,
        null,
        1,
        1,
        267,
        null,
        null
      ],
      "/home/richard/code/letting/app/helpers/version_helper.rb": [
        null,
        null,
        null,
        null,
        null,
        null,
        null,
        null,
        1,
        1,
        null
      ],
      "/home/richard/code/letting/app/decorators/account_credit_decorator.rb": [
        1,
        null,
        null,
        null,
        null,
        null,
        null,
        null,
        null,
        null,
        1,
        1,
        1,
        null,
        1,
        null,
        1,
        9,
        null,
        null,
        1,
        1,
        null,
        null,
        1,
        0,
        null,
        null,
        1,
        1,
        null,
        null,
        1,
        1,
        null,
        null,
        1,
        4,
        null,
        null
      ],
      "/home/richard/code/letting/lib/modules/method_missing.rb": [
        null,
        null,
        null,
        null,
        null,
        null,
        null,
        null,
        1,
        1,
        1378,
        null,
        null,
        1,
        214,
        null,
        null
      ],
      "/home/richard/code/letting/app/decorators/account_debit_decorator.rb": [
        1,
        null,
        null,
        null,
        null,
        null,
        null,
        null,
        null,
        null,
        1,
        1,
        1,
        null,
        1,
        null,
        1,
        16,
        null,
        null,
        1,
        9,
        null,
        null,
        1,
        2,
        null,
        null,
        1,
        5,
        null,
        null,
        1,
        1,
        null,
        null,
        1,
        10,
        null,
        null
      ],
      "/home/richard/code/letting/app/decorators/account_decorator.rb": [
        1,
        null,
        null,
        null,
        null,
        null,
        null,
        null,
        null,
        null,
        null,
        1,
        1,
        null,
        1,
        22,
        null,
        null,
        null,
        null,
        1,
        9,
        null,
        null,
        null,
        null,
        1,
        13,
        13,
        9,
        null,
        null,
        1,
        null,
        1,
        13,
        null,
        null,
        1,
        11,
        4,
        22,
        null,
        null,
        1,
        22,
        22,
        25,
        25,
        25,
        null,
        null,
        null
      ],
      "/home/richard/code/letting/app/decorators/charge_cycle_decorator.rb": [
        null,
        null,
        null,
        null,
        null,
        null,
        1,
        1,
        null,
        null,
        149,
        null,
        null
      ],
      "/home/richard/code/letting/app/decorators/charge_decorator.rb": [
        null,
        null,
        null,
        null,
        null,
        null,
        1,
        1,
        1,
        null,
        1,
        7,
        null,
        null,
        1,
        5,
        null,
        null,
        1,
        5,
        null,
        null
      ],
      "/home/richard/code/letting/app/decorators/credit_decorator.rb": [
        1,
        null,
        null,
        null,
        null,
        null,
        null,
        null,
        null,
        null,
        null,
        1,
        1,
        1,
        1,
        null,
        1,
        10,
        null,
        null,
        1,
        null,
        null,
        1,
        15,
        null,
        null,
        1,
        9,
        null,
        null,
        1,
        null,
        1,
        0,
        null,
        null
      ],
      "/home/richard/code/letting/app/decorators/due_ons_decorator.rb": [
        1,
        null,
        null,
        null,
        null,
        null,
        null,
        null,
        null,
        null,
        null,
        null,
        null,
        null,
        null,
        null,
        1,
        1,
        1,
        null,
        1,
        4,
        null,
        null,
        1,
        0,
        null,
        null,
        1,
        1,
        null,
        null,
        1,
        0,
        null,
        null
      ],
      "/home/richard/code/letting/app/decorators/payment_decorator.rb": [
        1,
        null,
        null,
        null,
        null,
        null,
        null,
        null,
        null,
        null,
        null,
        null,
        null,
        null,
        null,
        null,
        null,
        null,
        null,
        null,
        null,
        1,
        1,
        1,
        1,
        1,
        1,
        1,
        null,
        1,
        19,
        null,
        null,
        1,
        14,
        9,
        null,
        null,
        1,
        6,
        null,
        null,
        1,
        null,
        7,
        8,
        null,
        null,
        1,
        9,
        null,
        null,
        1,
        12,
        11,
        null,
        null,
        1,
        11,
        11,
        null,
        null,
        1,
        12,
        null,
        null,
        null,
        null,
        1,
        null,
        1,
        45,
        44,
        null,
        null
      ],
      "/home/richard/code/letting/app/decorators/payment_index_decorator.rb": [
        null,
        null,
        null,
        null,
        null,
        null,
        1,
        1,
        1,
        1,
        1,
        1,
        null,
        1,
        null,
        1,
        7,
        null,
        null,
        1,
        5,
        null,
        null,
        1,
        5,
        null,
        null,
        1,
        null,
        null,
        1,
        11,
        null,
        null,
        1,
        6,
        null,
        null,
        1,
        5,
        null,
        null
      ],
      "/home/richard/code/letting/app/decorators/property_decorator.rb": [
        1,
        null,
        null,
        null,
        null,
        null,
        null,
        null,
        null,
        null,
        null,
        null,
        1,
        1,
        1,
        null,
        1,
        77,
        null,
        null,
        1,
        61,
        null,
        null,
        1,
        16,
        3,
        null,
        13,
        null,
        null,
        null,
        1,
        9,
        2,
        null,
        7,
        null,
        null,
        null
      ],
      "/home/richard/code/letting/app/models/ledgers/charge_cycle.rb": [
        null,
        null,
        null,
        null,
        null,
        null,
        null,
        null,
        null,
        null,
        null,
        null,
        null,
        1,
        1,
        1,
        1,
        1,
        1,
        1,
        1,
        null,
        1,
        1,
        1,
        1,
        1,
        null,
        1,
        null,
        1,
        28,
        null,
        null,
        1,
        11,
        null,
        null,
        1,
        24,
        4,
        null,
        null,
        null,
        null,
        null,
        1,
        null,
        null,
        2,
        2,
        2,
        null,
        null
      ],
      "/home/richard/code/letting/app/models/ledgers/due_ons.rb": [
        null,
        null,
        null,
        null,
        null,
        null,
        null,
        null,
        null,
        null,
        null,
        null,
        null,
        null,
        null,
        null,
        null,
        null,
        null,
        null,
        null,
        null,
        null,
        null,
        null,
        null,
        null,
        null,
        null,
        null,
        null,
        null,
        null,
        null,
        null,
        null,
        null,
        1,
        1,
        1,
        240,
        null,
        1,
        16,
        15,
        null,
        null,
        1,
        28,
        171,
        null,
        null,
        1,
        28,
        null,
        null,
        1,
        116,
        116,
        null,
        null,
        1,
        2,
        null,
        null,
        1,
        null,
        1,
        147,
        null,
        null,
        1,
        116,
        null,
        null,
        1,
        0,
        null,
        null,
        1,
        0,
        null,
        null,
        1,
        4,
        48,
        48,
        null,
        null,
        null,
        1,
        16,
        null,
        null,
        null,
        1,
        null,
        1,
        1,
        116,
        null,
        null,
        1,
        116,
        null,
        null,
        1,
        1,
        null
      ],
      "/home/richard/code/letting/app/models/characters/client.rb": [
        null,
        null,
        null,
        null,
        null,
        null,
        null,
        null,
        null,
        null,
        null,
        1,
        1,
        1,
        1,
        null,
        1,
        1,
        1,
        null,
        1,
        null,
        1,
        56,
        null,
        null,
        1,
        null,
        1,
        1,
        25,
        null,
        null,
        null,
        null,
        null,
        null
      ],
      "/home/richard/code/letting/app/models/characters/contact.rb": [
        null,
        null,
        null,
        null,
        null,
        null,
        null,
        null,
        null,
        null,
        1,
        1,
        1,
        1,
        3,
        null,
        3,
        null,
        null,
        3,
        null,
        null,
        1,
        null,
        1,
        188,
        188,
        null,
        null,
        1,
        113,
        null,
        null
      ],
      "/home/richard/code/letting/app/models/characters/entities.rb": [
        null,
        null,
        null,
        null,
        null,
        null,
        null,
        null,
        null,
        null,
        null,
        null,
        null,
        null,
        null,
        1,
        1,
        1,
        784,
        null,
        null,
        3,
        229,
        null,
        null,
        3,
        479,
        188,
        null,
        null,
        3,
        298,
        null,
        null,
        3,
        151,
        null,
        null,
        null,
        1,
        null
      ],
      "/home/richard/code/letting/app/models/concerns/searchable.rb": [
        null,
        null,
        null,
        null,
        null,
        null,
        null,
        null,
        null,
        null,
        null,
        null,
        null,
        null,
        null,
        null,
        null,
        null,
        null,
        null,
        1,
        1,
        null,
        1,
        3,
        3,
        null,
        3,
        null,
        3,
        null,
        null,
        null,
        null,
        null,
        null,
        null,
        null,
        null,
        null,
        null,
        null,
        null,
        null,
        null,
        null,
        null,
        null,
        null,
        null,
        null,
        null,
        null,
        null,
        null,
        null,
        null,
        3,
        null,
        3,
        3,
        3,
        3,
        3,
        null,
        null,
        3,
        3,
        null,
        null,
        3,
        19,
        null,
        null,
        null,
        null,
        null,
        null,
        null,
        null,
        null,
        null,
        null,
        null,
        null,
        null,
        null,
        null,
        null,
        null,
        null,
        null,
        null,
        null,
        null,
        null,
        null,
        null,
        null,
        null,
        null,
        null,
        null,
        null,
        null,
        null,
        null,
        null
      ],
      "/home/richard/code/letting/app/models/ledgers/payment.rb": [
        null,
        null,
        null,
        null,
        null,
        null,
        null,
        null,
        null,
        null,
        null,
        1,
        1,
        1,
        1,
        64,
        null,
        null,
        1,
        106,
        null,
        null,
        1,
        null,
        1,
        1,
        1,
        null,
        1,
        206,
        206,
        null,
        null,
        1,
        32,
        null,
        null,
        1,
        106,
        106,
        106,
        null,
        null,
        1,
        8,
        4,
        null,
        null,
        1,
        64,
        64,
        null,
        null,
        1,
        null,
        1,
        5,
        null,
        null,
        null,
        null,
        null
      ],
      "/home/richard/code/letting/app/validators/amount_validator.rb": [
        null,
        null,
        null,
        null,
        null,
        null,
        null,
        null,
        null,
        null,
        null,
        null,
        null,
        null,
        null,
        null,
        null,
        null,
        null,
        null,
        null,
        1,
        null,
        null,
        1,
        null,
        272,
        null,
        null,
        24,
        null,
        null,
        1,
        null,
        24,
        null,
        null
      ],
      "/home/richard/code/letting/app/models/characters/property.rb": [
        null,
        null,
        null,
        null,
        null,
        null,
        null,
        null,
        null,
        null,
        null,
        null,
        1,
        1,
        1,
        1,
        1,
        1,
        1,
        null,
        1,
        1,
        1,
        1,
        null,
        1,
        1,
        null,
        1,
        110,
        null,
        null,
        1,
        60,
        60,
        60,
        60,
        60,
        null,
        null,
        1,
        180,
        180,
        null,
        null,
        1,
        null,
        1,
        null,
        1,
        25,
        null,
        null,
        null,
        null,
        null,
        null,
        null,
        null
      ],
      "/home/richard/code/letting/app/models/characters/address.rb": [
        null,
        null,
        null,
        null,
        null,
        null,
        null,
        null,
        null,
        null,
        null,
        null,
        null,
        null,
        null,
        1,
        1,
        1,
        1,
        1,
        1,
        1,
        1,
        1,
        null,
        null,
        1,
        1,
        1,
        null,
        null,
        1,
        1,
        null,
        null,
        null,
        1,
        null,
        null,
        null,
        null,
        null,
        null,
        null,
        null,
        47,
        null,
        null,
        1,
        21,
        null,
        null,
        null,
        1,
        3,
        null,
        null,
        1,
        5,
        null,
        null,
        1,
        29,
        null,
        null,
        1,
        null,
        1,
        48,
        null,
        null,
        1,
        67,
        null,
        null,
        1,
        76,
        null,
        null,
        1,
        8,
        null,
        null
      ],
      "/home/richard/code/letting/app/models/invoices/sheet.rb": [
        null,
        null,
        null,
        null,
        null,
        null,
        null,
        null,
        null,
        null,
        null,
        null,
        null,
        null,
        null,
        1,
        1,
        1,
        1,
        1,
        null,
        null,
        1,
        1,
        1,
        null
      ],
      "/home/richard/code/letting/app/models/admin/user.rb": [
        null,
        null,
        null,
        null,
        null,
        null,
        null,
        null,
        null,
        null,
        null,
        null,
        1,
        1,
        1,
        1,
        null,
        null,
        1,
        1,
        null
      ],
      "/home/richard/code/letting/lib/import/file_header.rb": [
        1,
        null,
        null,
        null,
        null,
        null,
        null,
        null,
        null,
        null,
        null,
        null,
        null,
        null,
        null,
        null,
        null,
        null,
        1,
        1,
        38,
        null,
        null,
        1,
        29,
        null,
        null,
        1,
        16,
        null,
        null,
        1,
        13,
        null,
        null,
        1,
        8,
        null,
        null,
        1,
        null,
        null,
        25,
        null,
        null,
        1,
        4,
        null,
        null,
        1,
        58,
        null,
        null,
        1,
        58,
        null,
        null,
        null
      ],
      "/home/richard/code/letting/lib/import/account_row.rb": [
        1,
        1,
        1,
        1,
        null,
        1,
        null,
        null,
        null,
        null,
        null,
        null,
        null,
        null,
        null,
        null,
        null,
        null,
        null,
        null,
        null,
        null,
        null,
        1,
        1,
        1,
        null,
        1,
        32,
        null,
        null,
        1,
        5,
        null,
        null,
        1,
        22,
        null,
        null,
        1,
        20,
        null,
        null,
        1,
        9,
        null,
        null,
        1,
        24,
        null,
        null,
        1,
        2,
        null,
        null,
        1,
        5,
        null,
        null,
        1,
        1,
        null,
        null,
        1,
        null,
        1,
        22,
        null,
        null,
        1,
        27,
        null,
        null,
        null
      ],
      "/home/richard/code/letting/lib/import/charge_code.rb": [
        1,
        null,
        null,
        null,
        null,
        null,
        null,
        null,
        null,
        null,
        null,
        null,
        null,
        1,
        1,
        70,
        1,
        3,
        1,
        54,
        3,
        6,
        null,
        null,
        null,
        1,
        24,
        21,
        2,
        1,
        null,
        null,
        null,
        null
      ],
      "/home/richard/code/letting/lib/import/errors.rb": [
        1,
        1,
        1,
        1,
        1,
        1,
        1,
        1,
        1,
        1,
        1,
        1,
        1,
        1,
        null
      ],
      "/home/richard/code/letting/lib/import/accounting_row.rb": [
        1,
        null,
        1,
        null,
        null,
        null,
        null,
        null,
        null,
        null,
        null,
        1,
        1,
        61,
        null,
        1,
        null,
        null,
        null,
        null,
        1,
        29,
        null,
        1,
        null,
        null,
        null,
        null,
        1,
        29,
        null,
        null,
        null,
        29,
        28,
        null,
        null,
        null
      ],
      "/home/richard/code/letting/lib/import/charge_row.rb": [
        1,
        1,
        1,
        1,
        null,
        null,
        null,
        1,
        null,
        null,
        null,
        null,
        null,
        null,
        null,
        null,
        null,
        null,
        null,
        null,
        null,
        1,
        1,
        null,
        1,
        25,
        null,
        null,
        1,
        34,
        34,
        33,
        null,
        null,
        1,
        null,
        null,
        14,
        null,
        1,
        null,
        null,
        1,
        14,
        null,
        1,
        null,
        null,
        null,
        1,
        12,
        null,
        null,
        null,
        null,
        1,
        21,
        19,
        19,
        40,
        23,
        null,
        19,
        null,
        null,
        1,
        null,
        null,
        null,
        null,
        null,
        null,
        null,
        11,
        null,
        null,
        1,
        null,
        null,
        1,
        21,
        null,
        null,
        1,
        26,
        null,
        null,
        1,
        3,
        null,
        null,
        1,
        19,
        19,
        19,
        null,
        null,
        1,
        76,
        null,
        null,
        1,
        65,
        null,
        null,
        1,
        63,
        null,
        null,
        null,
        null,
        1,
        40,
        null,
        null,
        1,
        15,
        null,
        null,
        1,
        11,
        null,
        null,
        1,
        11,
        null,
        null,
        1,
        1,
        null,
        null,
        1,
        0,
        null,
        null,
        null,
        1,
        1,
        null,
        null,
        null
      ],
      "/home/richard/code/letting/lib/import/charged_in_fields.rb": [
        1,
        null,
        null,
        null,
        null,
        null,
        null,
        null,
        null,
        null,
        null,
        null,
        null,
        null,
        1,
        null,
        null,
        1,
        null,
        null,
        1,
        18,
        18,
        null,
        null,
        1,
        18,
        15,
        null,
        null,
        null,
        null,
        null,
        1,
        18,
        null,
        null,
        null
      ],
      "/home/richard/code/letting/lib/import/charge_values.rb": [
        1,
        null,
        1,
        null,
        null,
        null,
        null,
        null,
        null,
        null,
        null,
        null,
        1,
        1,
        1,
        null,
        1,
        2,
        null,
        null,
        1,
        2,
        2,
        null,
        null,
        null
      ],
      "/home/richard/code/letting/lib/import/contact_fields.rb": [
        1,
        1,
        null,
        null,
        null,
        1,
        null,
        null,
        null,
        null,
        null,
        null,
        null,
        null,
        null,
        null,
        1,
        1,
        1,
        null,
        1,
        49,
        49,
        49,
        49,
        null,
        null,
        1,
        48,
        94,
        null,
        48,
        null,
        null,
        1,
        null,
        1,
        null,
        null,
        null,
        null,
        null,
        null,
        null,
        null,
        null,
        null,
        48,
        null,
        null,
        1,
        48,
        48,
        null,
        null,
        null
      ],
      "/home/richard/code/letting/lib/import/entity_fields.rb": [
        1,
        1,
        null,
        1,
        null,
        null,
        null,
        null,
        null,
        null,
        null,
        null,
        null,
        null,
        null,
        null,
        1,
        1,
        108,
        108,
        108,
        null,
        null,
        1,
        97,
        null,
        null,
        1,
        96,
        null,
        null,
        1,
        100,
        null,
        null,
        1,
        101,
        null,
        null,
        1,
        95,
        null,
        null,
        1,
        null,
        1,
        null,
        null,
        null,
        null,
        95,
        null,
        null,
        1,
        108,
        null,
        null,
        1,
        108,
        null,
        null,
        null
      ],
      "/home/richard/code/letting/lib/import/credit_row.rb": [
        1,
        1,
        1,
        1,
        null,
        1,
        null,
        null,
        null,
        null,
        null,
        null,
        null,
        null,
        null,
        null,
        null,
        null,
        null,
        null,
        null,
        null,
        null,
        null,
        1,
        1,
        1,
        null,
        1,
        15,
        null,
        null,
        1,
        53,
        null,
        null,
        1,
        11,
        null,
        null,
        1,
        32,
        null,
        null,
        null,
        null,
        null,
        null,
        1,
        21,
        null,
        null,
        1,
        31,
        null,
        null,
        1,
        null,
        10,
        null,
        null,
        1,
        10,
        null,
        null,
        null,
        1,
        null,
        null,
        null,
        null,
        10,
        null,
        null,
        null
      ],
      "/home/richard/code/letting/lib/import/day_month.rb": [
        1,
        null,
        null,
        null,
        null,
        null,
        null,
        null,
        null,
        null,
        null,
        null,
        null,
        null,
        1,
        1,
        1,
        null,
        1,
        1,
        null,
        null,
        1,
        1,
        1,
        null,
        null,
        null
      ],
      "/home/richard/code/letting/lib/import/debit_row.rb": [
        1,
        1,
        1,
        1,
        null,
        1,
        null,
        null,
        null,
        null,
        null,
        null,
        null,
        null,
        null,
        null,
        null,
        null,
        null,
        null,
        null,
        null,
        null,
        null,
        1,
        1,
        1,
        null,
        1,
        17,
        null,
        null,
        1,
        49,
        null,
        null,
        1,
        17,
        null,
        null,
        1,
        17,
        null,
        null,
        null,
        null,
        null,
        1,
        19,
        null,
        null,
        1,
        null,
        17,
        null,
        null,
        1,
        17,
        null,
        null,
        null,
        1,
        null,
        null,
        null,
        null,
        null,
        17,
        null,
        null,
        1,
        null,
        1,
        19,
        19,
        1,
        1,
        null,
        19,
        null,
        null,
        1,
        19,
        null,
        null,
        1,
        20,
        null,
        null,
        null
      ],
      "/home/richard/code/letting/lib/import/file_import.rb": [
        1,
        null,
        1,
        null,
        null,
        null,
        null,
        null,
        null,
        null,
        null,
        null,
        null,
        null,
        null,
        null,
        null,
        null,
        null,
        null,
        null,
        null,
        null,
        null,
        null,
        null,
        null,
        null,
        1,
        1,
        null,
        1,
        5,
        5,
        5,
        null,
        null,
        1,
        null,
        null,
        null,
        4,
        null,
        null,
        1,
        null,
        null,
        null,
        null,
        14,
        4,
        null,
        null,
        1,
        null,
        1,
        4,
        null,
        null,
        null
      ],
      "/home/richard/code/letting/lib/import/import_account.rb": [
        1,
        1,
        1,
        1,
        null,
        1,
        null,
        null,
        null,
        null,
        null,
        null,
        null,
        null,
        null,
        null,
        null,
        null,
        null,
        null,
        null,
        null,
        1,
        1,
        10,
        null,
        null,
        1,
        19,
        null,
        null,
        null,
        null,
        null,
        null,
        1,
        null,
        null,
        2,
        1,
        1,
        null,
        null,
        9,
        null,
        6,
        null,
        1,
        18,
        null,
        null,
        null,
        1,
        1,
        null,
        null,
        null,
        null,
        null,
        null,
        null,
        null,
        null,
        1,
        2,
        null,
        null,
        1,
        1,
        null,
        null,
        null
      ],
      "/home/richard/code/letting/lib/import/import_base.rb": [
        1,
        1,
        null,
        null,
        null,
        null,
        null,
        null,
        null,
        null,
        null,
        null,
        null,
        null,
        null,
        null,
        null,
        null,
        null,
        null,
        null,
        null,
        null,
        null,
        null,
        1,
        1,
        null,
        null,
        null,
        null,
        null,
        null,
        1,
        87,
        null,
        null,
        null,
        null,
        1,
        87,
        97,
        97,
        94,
        null,
        null,
        null,
        1,
        75,
        73,
        73,
        73,
        null,
        null,
        1,
        97,
        8,
        null,
        null,
        1,
        0,
        null,
        null,
        1,
        null,
        1,
        87,
        87,
        87,
        87,
        null,
        null,
        1,
        38,
        null,
        null,
        1,
        6,
        null,
        null,
        1,
        null,
        1,
        0,
        null,
        null,
        1,
        26,
        26,
        25,
        null,
        null,
        1,
        73,
        null,
        null,
        1,
        1,
        null,
        null,
        1,
        1,
        null,
        null,
        1,
        0,
        null,
        null,
        1,
        94,
        null,
        null,
        1,
        94,
        null,
        null,
        1,
        0,
        null,
        null,
        null
      ],
      "/home/richard/code/letting/lib/import/import_debit.rb": [
        1,
        1,
        null,
        1,
        null,
        null,
        null,
        null,
        null,
        null,
        null,
        null,
        null,
        null,
        null,
        null,
        null,
        null,
        null,
        null,
        null,
        1,
        1,
        12,
        null,
        null,
        1,
        13,
        null,
        null,
        1,
        13,
        13,
        null,
        null,
        1,
        13,
        null,
        null,
        1,
        13,
        null,
        null,
        null
      ],
      "/home/richard/code/letting/lib/import/import_payment.rb": [
        1,
        1,
        null,
        1,
        null,
        null,
        null,
        null,
        null,
        null,
        null,
        null,
        null,
        null,
        null,
        null,
        null,
        null,
        null,
        null,
        null,
        1,
        1,
        11,
        null,
        null,
        1,
        11,
        null,
        null,
        1,
        11,
        null,
        null,
        1,
        11,
        null,
        null,
        1,
        10,
        10,
        null,
        null,
        1,
        10,
        null,
        null,
        null,
        null,
        null,
        1,
        null,
        1,
        1,
        null,
        null,
        null,
        null
      ],
      "/home/richard/code/letting/lib/import/import_agent.rb": [
        1,
        1,
        null,
        1,
        null,
        null,
        null,
        null,
        null,
        null,
        null,
        null,
        null,
        null,
        null,
        null,
        null,
        1,
        1,
        6,
        null,
        null,
        1,
        5,
        5,
        5,
        null,
        null,
        1,
        5,
        null,
        null,
        null,
        null,
        null,
        1,
        2,
        null,
        null,
        1,
        5,
        5,
        5,
        null,
        null,
        null
      ],
      "/home/richard/code/letting/lib/import/import_charge.rb": [
        1,
        1,
        1,
        1,
        null,
        1,
        null,
        null,
        null,
        null,
        null,
        null,
        null,
        null,
        null,
        null,
        null,
        null,
        null,
        null,
        null,
        null,
        null,
        null,
        null,
        1,
        1,
        null,
        1,
        9,
        null,
        null,
        1,
        9,
        null,
        null,
        1,
        8,
        7,
        null,
        null,
        null,
        7,
        null,
        null,
        1,
        8,
        null,
        null,
        null,
        null,
        null,
        1,
        2,
        null,
        null,
        1,
        7,
        null,
        null,
        null
      ],
      "/home/richard/code/letting/lib/import/import_client.rb": [
        1,
        1,
        null,
        1,
        null,
        null,
        null,
        null,
        null,
        null,
        null,
        null,
        1,
        1,
        25,
        null,
        null,
        1,
        25,
        25,
        null,
        null,
        1,
        25,
        null,
        null,
        1,
        25,
        25,
        null,
        null,
        null
      ],
      "/home/richard/code/letting/lib/import/import_property.rb": [
        1,
        1,
        1,
        null,
        1,
        null,
        null,
        null,
        null,
        null,
        null,
        null,
        null,
        null,
        null,
        null,
        null,
        null,
        null,
        null,
        1,
        1,
        11,
        null,
        null,
        1,
        11,
        null,
        null,
        1,
        10,
        10,
        null,
        null,
        1,
        10,
        null,
        null,
        null,
        null,
        null,
        1,
        2,
        null,
        null,
        1,
        10,
        null,
        10,
        10,
        null,
        null,
        1,
        10,
        null,
        null,
        null
      ],
      "/home/richard/code/letting/lib/import/property_row.rb": [
        1,
        1,
        null,
        1,
        null,
        null,
        null,
        null,
        null,
        null,
        null,
        null,
        null,
        null,
        null,
        null,
        null,
        null,
        1,
        1,
        null,
        1,
        14,
        null,
        null,
        1,
        23,
        null,
        null,
        1,
        12,
        null,
        null,
        1,
        null,
        1,
        13,
        null,
        null,
        1,
        12,
        null,
        1,
        null,
        null,
        1,
        1,
        null,
        null,
        null
      ],
      "/home/richard/code/letting/lib/import/import_user.rb": [
        null,
        1,
        null,
        1,
        null,
        null,
        null,
        null,
        null,
        null,
        null,
        null,
        null,
        null,
        null,
        null,
        null,
        null,
        null,
        1,
        1,
        3,
        null,
        null,
        1,
        3,
        null,
        null,
        1,
        3,
        null,
        null,
        null,
        null,
        null,
        null,
        null
      ],
      "/home/richard/code/letting/lib/import/patch_model.rb": [
        1,
        null,
        null,
        null,
        null,
        null,
        null,
        null,
        null,
        null,
        null,
        null,
        null,
        null,
        null,
        null,
        1,
        1,
        9,
        null,
        null,
        1,
        9,
        null,
        null,
        1,
        8,
        null,
        null,
        null,
        8,
        8,
        null,
        null,
        1,
        4,
        null,
        null,
        null,
        1,
        null,
        1,
        3,
        null,
        null,
        null,
        null,
        null,
        null
      ],
      "/home/richard/code/letting/lib/import/patch.rb": [
        1,
        1,
        null,
        1,
        null,
        null,
        null,
        null,
        null,
        null,
        null,
        null,
        null,
        null,
        null,
        null,
        null,
        null,
        null,
        null,
        null,
        null,
        null,
        null,
        null,
        1,
        1,
        null,
        1,
        6,
        6,
        6,
        null,
        null,
        1,
        6,
        6,
        6,
        null,
        null,
        1,
        6,
        6,
        6,
        6,
        null,
        null,
        null,
        1,
        6,
        6,
        6,
        6,
        null,
        null,
        1,
        6,
        null,
        null,
        1,
        6,
        6,
        4,
        null,
        null,
        1,
        null,
        1,
        6,
        6,
        null,
        null,
        null,
        null
      ],
      "/home/richard/code/letting/lib/import/update_charge.rb": [
        1,
        null,
        null,
        null,
        null,
        null,
        null,
        null,
        null,
        null,
        null,
        null,
        null,
        null,
        null,
        1,
        1,
        3,
        null,
        null,
        1,
        3,
        3,
        null,
        null,
        1,
        null,
        1,
        3,
        3,
        3,
        3,
        3,
        null,
        null,
        null,
        1,
        5,
        null,
        null,
        1,
        6,
        null,
        null,
        1,
        3,
        null,
        null,
        1,
        2,
        null,
        null,
        1,
        null,
        3,
        3,
        null,
        0,
        0,
        null,
        0,
        0,
        0,
        null,
        null,
        null
      ],
      "/home/richard/code/letting/lib/modules/rangify.rb": [
        null,
        null,
        null,
        null,
        null,
        null,
        null,
        null,
        null,
        null,
        null,
        1,
        1,
        null,
        1,
        5,
        null,
        null,
        1,
        5,
        5,
        null,
        null,
        1,
        5,
        null,
        null,
        1,
        2,
        null,
        null,
        1,
        2,
        null,
        null
      ],
      "/home/richard/code/letting/app/models/admin/permission.rb": [
        null,
        null,
        null,
        null,
        null,
        null,
        null,
        null,
        null,
        null,
        null,
        null,
        null,
        null,
        null,
        null,
        null,
        null,
        null,
        null,
        null,
        null,
        1,
        1,
        1754,
        1559,
        1254,
        974,
        null,
        972,
        null,
        null,
        1,
        1754,
        null,
        null,
        1,
        null,
        1254,
        null,
        null,
        null,
        null,
        null,
        null,
        null,
        null,
        null,
        null,
        1,
        null,
        307,
        null,
        null,
        null
      ],
      "/home/richard/code/letting/app/models/characters/agent.rb": [
        null,
        null,
        null,
        null,
        null,
        null,
        null,
        null,
        null,
        null,
        null,
        1,
        1,
        1,
        1,
        1,
        null,
        1,
        56,
        null,
        null,
        1,
        72,
        null,
        null,
        1,
        173,
        23,
        null,
        150,
        null,
        null,
        null,
        null,
        1,
        27,
        null,
        null,
        1,
        25,
        null,
        null,
        1,
        null,
        1,
        23,
        null,
        null,
        1,
        150,
        150,
        null,
        null
      ],
      "/home/richard/code/letting/app/models/characters/entity.rb": [
        null,
        null,
        null,
        null,
        null,
        null,
        null,
        null,
        null,
        null,
        null,
        null,
        null,
        null,
        null,
        null,
        null,
        null,
        null,
        null,
        null,
        null,
        null,
        1,
        1,
        1,
        1,
        null,
        1,
        null,
        null,
        1,
        359,
        null,
        null,
        1,
        44,
        null,
        null,
        1,
        608,
        null,
        null,
        1,
        242,
        null,
        null,
        1,
        null,
        1,
        242,
        242,
        null,
        null,
        1,
        69,
        null,
        null,
        1,
        608,
        null,
        null
      ],
      "/home/richard/code/letting/app/models/invoices/notice.rb": [
        null,
        null,
        null,
        null,
        null,
        null,
        null,
        null,
        null,
        null,
        1,
        1,
        1,
        1,
        1,
        null
      ],
      "/home/richard/code/letting/app/models/ledgers/account.rb": [
        null,
        null,
        null,
        null,
        null,
        null,
        null,
        null,
        null,
        null,
        null,
        null,
        null,
        null,
        null,
        null,
        null,
        null,
        null,
        null,
        null,
        null,
        1,
        1,
        1,
        9,
        null,
        null,
        1,
        5,
        null,
        1,
        1,
        1,
        1,
        1,
        1,
        1,
        285,
        62,
        null,
        null,
        1,
        143,
        null,
        null,
        1,
        1,
        null,
        null,
        null,
        null,
        null,
        1,
        null,
        6,
        5,
        null,
        6,
        null,
        null,
        1,
        12,
        null,
        null,
        1,
        60,
        null,
        null,
        1,
        null,
        1,
        20,
        33,
        20,
        null,
        null,
        null,
        null,
        null,
        1,
        4,
        null,
        null,
        null,
        null,
        null,
        1,
        16,
        14,
        14,
        null,
        null,
        14,
        null,
        null,
        1,
        null,
        1,
        5,
        null,
        null
      ],
      "/home/richard/code/letting/app/models/ledgers/charge.rb": [
        null,
        null,
        null,
        null,
        null,
        null,
        null,
        null,
        null,
        null,
        null,
        null,
        null,
        null,
        null,
        1,
        1,
        null,
        1,
        1,
        1,
        1,
        1,
        1,
        1,
        1,
        8,
        1,
        null,
        null,
        null,
        null,
        1,
        447,
        447,
        null,
        null,
        null,
        null,
        null,
        1,
        11,
        null,
        8,
        10,
        null,
        null,
        1,
        null,
        null,
        null,
        1,
        201,
        null,
        null,
        1,
        null,
        1,
        201,
        null,
        null,
        1,
        10,
        null,
        null,
        null,
        null,
        null,
        null,
        null,
        1,
        null,
        7,
        null,
        null,
        null,
        null,
        null,
        1,
        null,
        201,
        null,
        null,
        null,
        1,
        201,
        null,
        null
      ],
      "/home/richard/code/letting/app/models/ledgers/chargeable_info.rb": [
        null,
        null,
        null,
        null,
        null,
        null,
        null,
        null,
        null,
        null,
        null,
        null,
        null,
        null,
        null,
        null,
        1,
        1,
        1,
        null,
        1,
        16,
        null,
        null,
        null,
        null,
        null,
        null,
        null,
        null,
        1,
        7,
        null,
        null,
        1,
        null,
        1,
        17,
        17,
        17,
        17,
        null,
        null
      ],
      "/home/richard/code/letting/app/models/ledgers/charged_in.rb": [
        null,
        null,
        null,
        null,
        null,
        null,
        null,
        null,
        null,
        1,
        1,
        null,
        1,
        1,
        1,
        null
      ],
      "/home/richard/code/letting/app/models/ledgers/credit.rb": [
        null,
        null,
        null,
        null,
        null,
        null,
        null,
        null,
        null,
        null,
        null,
        null,
        null,
        null,
        null,
        1,
        1,
        1,
        1,
        1,
        1,
        null,
        1,
        null,
        1,
        1,
        null,
        1,
        95,
        null,
        null,
        1,
        null,
        1,
        20,
        null,
        null,
        null,
        null,
        null,
        null,
        1,
        53,
        null,
        null,
        1,
        8,
        null,
        null,
        1,
        38,
        null,
        null,
        null,
        null,
        null,
        1,
        54,
        null,
        null,
        1,
        null,
        1,
        35,
        12,
        null,
        null,
        null,
        1,
        53,
        null,
        null
      ],
      "/home/richard/code/letting/app/models/ledgers/debit_generator.rb": [
        null,
        null,
        null,
        null,
        null,
        null,
        null,
        null,
        null,
        null,
        null,
        null,
        null,
        null,
        null,
        null,
        1,
        26,
        1,
        1,
        null,
        1,
        1,
        1,
        null,
        1,
        4,
        null,
        1,
        37,
        37,
        null,
        null,
        1,
        5,
        4,
        null,
        null,
        null,
        1,
        14,
        null,
        null,
        null,
        1,
        4,
        null,
        3,
        null,
        null,
        null,
        null,
        null,
        1,
        21,
        null,
        null,
        1,
        null,
        1,
        11,
        null,
        null,
        null,
        null,
        null,
        1,
        12,
        null,
        null
      ],
      "/home/richard/code/letting/app/validators/date_equal_or_after.rb": [
        null,
        null,
        null,
        null,
        null,
        1,
        1,
        null,
        18,
        null,
        3,
        null,
        null,
        1,
        3,
        null,
        null
      ],
      "/home/richard/code/letting/app/models/ledgers/debit.rb": [
        null,
        null,
        null,
        null,
        null,
        null,
        null,
        null,
        null,
        null,
        null,
        null,
        null,
        null,
        null,
        null,
        null,
        null,
        null,
        null,
        null,
        null,
        1,
        1,
        1,
        1,
        1,
        1,
        null,
        1,
        null,
        1,
        1,
        null,
        1,
        null,
        1,
        78,
        null,
        null,
        1,
        25,
        null,
        null,
        null,
        null,
        1,
        10,
        null,
        9,
        null,
        null,
        null,
        null,
        null,
        null,
        1,
        45,
        null,
        null,
        1,
        null,
        1,
        103,
        null,
        null,
        1,
        null,
        53,
        3,
        null,
        null,
        null
      ],
      "/home/richard/code/letting/app/models/ledgers/due_on.rb": [
        null,
        null,
        null,
        null,
        null,
        null,
        null,
        null,
        null,
        null,
        null,
        null,
        null,
        null,
        null,
        null,
        null,
        null,
        null,
        null,
        1,
        1,
        1,
        1,
        1,
        null,
        null,
        1,
        null,
        null,
        null,
        1,
        null,
        null,
        null,
        1,
        18,
        null,
        null,
        1,
        36,
        null,
        null,
        1,
        239,
        null,
        null,
        1,
        242,
        null,
        null,
        null,
        null,
        null,
        1,
        120,
        119,
        null,
        null,
        1,
        0,
        null,
        null,
        1,
        null,
        1,
        0,
        null,
        null,
        null,
        null,
        null,
        null,
        1,
        242,
        null,
        null,
        1,
        36,
        null,
        35,
        null,
        null,
        1,
        36,
        null,
        null,
        1,
        35,
        null,
        null
      ],
      "/home/richard/code/letting/app/models/ledgers/payments.rb": [
        null,
        null,
        null,
        null,
        null,
        null,
        null,
        null,
        null,
        null,
        null,
        null,
        null,
        null,
        1,
        1,
        9,
        null,
        null,
        1,
        8,
        null,
        null,
        1,
        8,
        null,
        null,
        1,
        22,
        null,
        21,
        null,
        null,
        1,
        7,
        5,
        null,
        null,
        1,
        100,
        99,
        null,
        null
      ],
      "/home/richard/code/letting/app/models/ledgers/repeat_date.rb": [
        null,
        null,
        null,
        null,
        null,
        null,
        null,
        null,
        null,
        null,
        null,
        1,
        1,
        1,
        1,
        null,
        null,
        null,
        39,
        14,
        null,
        25,
        null,
        null,
        null,
        1,
        3,
        null,
        null,
        1,
        5,
        null,
        null,
        1,
        1,
        null,
        null,
        1,
        3,
        null,
        null,
        1,
        2,
        null,
        null,
        1,
        1,
        null,
        null,
        1,
        3,
        null,
        null,
        1,
        10,
        null,
        null
      ],
      "/home/richard/code/letting/app/models/ledgers/repeat_range.rb": [
        null,
        null,
        null,
        null,
        null,
        null,
        null,
        null,
        null,
        null,
        null,
        1,
        1,
        1,
        1,
        null,
        1,
        11,
        14,
        11,
        null,
        null,
        1,
        9,
        null,
        null,
        null,
        null,
        null,
        null,
        1,
        2,
        2,
        null,
        null,
        null,
        null,
        null,
        null,
        1,
        1,
        1,
        null,
        null,
        1,
        9,
        null,
        null,
        1,
        null,
        null,
        null,
        null,
        null,
        null,
        1,
        1,
        1,
        1,
        null,
        null,
        null,
        null,
        null,
        null,
        null,
        1,
        2,
        2,
        2,
        null,
        null,
        1,
        0,
        null,
        null
      ],
      "/home/richard/code/letting/app/models/ledgers/settlement.rb": [
        null,
        null,
        null,
        null,
        null,
        null,
        null,
        null,
        null,
        null,
        null,
        null,
        null,
        null,
        null,
        null,
        null,
        null,
        null,
        null,
        null,
        null,
        null,
        null,
        null,
        null,
        null,
        null,
        1,
        1,
        1,
        null,
        1,
        null,
        null,
        null,
        null,
        null,
        null,
        null,
        null,
        null,
        1,
        94,
        27,
        27,
        23,
        null,
        null,
        null
      ],
      "/home/richard/code/letting/app/models/utils/full_text_search.rb": [
        null,
        null,
        null,
        null,
        null,
        null,
        null,
        null,
        null,
        null,
        null,
        null,
        null,
        null,
        1,
        1,
        9,
        null,
        null,
        1,
        9,
        9,
        null,
        null,
        1,
        9,
        null,
        null,
        null,
        null,
        1,
        9,
        null,
        1,
        1,
        1,
        0,
        0,
        null,
        1,
        null,
        1,
        1,
        1,
        0,
        0,
        null,
        null,
        null,
        1,
        null,
        7,
        7,
        7,
        3,
        3,
        null,
        7,
        null,
        null,
        null
      ],
      "/home/richard/code/letting/app/models/utils/literal_search.rb": [
        null,
        null,
        null,
        null,
        null,
        null,
        null,
        null,
        null,
        null,
        null,
        null,
        1,
        1,
        15,
        null,
        null,
        1,
        15,
        15,
        null,
        null,
        1,
        15,
        null,
        15,
        15,
        null,
        null,
        1,
        15,
        null,
        null,
        null,
        null,
        null,
        3,
        null,
        null,
        null,
        null,
        null,
        null,
        2,
        null,
        null,
        null,
        null,
        null,
        8,
        null,
        null,
        null,
        null,
        null,
        1,
        null,
        null,
        null,
        null,
        null,
        1,
        null,
        0,
        null,
        null,
        null,
        1,
        15,
        null,
        null,
        1,
        2,
        null,
        null,
        1,
        7,
        null,
        null,
        null,
        7,
        null,
        null
      ],
      "/home/richard/code/letting/app/models/utils/search_date.rb": [
        null,
        null,
        null,
        null,
        null,
        null,
        null,
        null,
        null,
        null,
        null,
        null,
        null,
        null,
        1,
        1,
        46,
        null,
        null,
        1,
        25,
        null,
        null,
        1,
        21,
        null,
        null,
        1,
        null,
        1,
        24,
        null,
        2,
        null,
        null
      ],
      "/home/richard/code/letting/app/models/utils/search_suggestion.rb": [
        null,
        null,
        null,
        null,
        null,
        null,
        null,
        null,
        null,
        null,
        null,
        1,
        1,
        0,
        0,
        null,
        null,
        1,
        0,
        0,
        0,
        0,
        null,
        null,
        null,
        1,
        0,
        0,
        null,
        null,
        null
      ],
      "/home/richard/code/letting/app/models/utils/string_date.rb": [
        null,
        null,
        null,
        null,
        null,
        null,
        null,
        null,
        1,
        1,
        10,
        null,
        null,
        1,
        2,
        null,
        1,
        null,
        null,
        1,
        8,
        null,
        2,
        null,
        null
      ],
      "/home/richard/code/letting/app/services/charge_cycle_matcher.rb": [
        1,
        null,
        null,
        null,
        null,
        null,
        null,
        null,
        null,
        null,
        null,
        null,
        null,
        null,
        null,
        null,
        1,
        1,
        16,
        16,
        17,
        null,
        null,
        null,
        1,
        16,
        11,
        11,
        9,
        null,
        null,
        1,
        null,
        1,
        11,
        11,
        null,
        null,
        null
      ],
      "/home/richard/code/letting/app/services/charges_matcher.rb": [
        1,
        null,
        null,
        null,
        null,
        null,
        null,
        null,
        null,
        null,
        null,
        null,
        null,
        null,
        1,
        1,
        9,
        null,
        null,
        1,
        9,
        null,
        null,
        1,
        2,
        null,
        null,
        1,
        null,
        1,
        13,
        null,
        null
      ],
      "/home/richard/code/letting/app/validators/credit_validator.rb": [
        null,
        null,
        null,
        null,
        null,
        null,
        null,
        null,
        null,
        null,
        null,
        null,
        null,
        null,
        null,
        null,
        null,
        null,
        null,
        1,
        null,
        null,
        null,
        1,
        5,
        null,
        4,
        null,
        null,
        1,
        null,
        4,
        null,
        null
      ],
      "/home/richard/code/letting/app/controllers/sessions_controller.rb": [
        null,
        null,
        null,
        null,
        null,
        null,
        null,
        null,
        null,
        null,
        null,
        null,
        null,
        null,
        null,
        null,
        1,
        1,
        93,
        93,
        92,
        92,
        null,
        1,
        1,
        null,
        null,
        null,
        1,
        1,
        1,
        null,
        null,
        1,
        null,
        1,
        93,
        null,
        null,
        1,
        1,
        null,
        null
      ],
      "/home/richard/code/letting/app/controllers/application_controller.rb": [
        null,
        null,
        null,
        null,
        null,
        null,
        null,
        null,
        null,
        null,
        null,
        null,
        null,
        null,
        1,
        null,
        null,
        1,
        1,
        null,
        1,
        1,
        null,
        1,
        null,
        1,
        30,
        null,
        null,
        null,
        1,
        28,
        null,
        null,
        1,
        null,
        1,
        1211,
        null,
        0,
        null,
        1,
        null,
        1,
        1700,
        null,
        null,
        1,
        518,
        0,
        null,
        null,
        1,
        0,
        null,
        null
      ],
      "/home/richard/code/letting/app/controllers/properties_controller.rb": [
        null,
        null,
        null,
        null,
        null,
        null,
        null,
        null,
        null,
        null,
        null,
        null,
        null,
        null,
        null,
        null,
        1,
        1,
        127,
        null,
        null,
        1,
        7,
        null,
        null,
        1,
        6,
        6,
        null,
        null,
        1,
        4,
        4,
        2,
        null,
        2,
        2,
        null,
        null,
        null,
        1,
        19,
        19,
        null,
        null,
        1,
        7,
        7,
        6,
        null,
        1,
        null,
        null,
        null,
        1,
        1,
        1,
        1,
        1,
        null,
        null,
        1,
        null,
        1,
        11,
        null,
        null,
        null,
        null,
        null,
        null,
        null,
        null,
        1,
        null,
        11,
        null,
        null,
        1,
        11,
        null,
        null,
        1,
        11,
        null,
        null,
        1,
        9,
        9,
        null,
        null,
        1,
        2,
        null,
        null,
        1,
        6,
        null,
        null,
        1,
        1,
        null,
        null
      ],
      "/home/richard/code/letting/app/controllers/clients_controller.rb": [
        null,
        null,
        null,
        null,
        null,
        null,
        null,
        null,
        null,
        null,
        null,
        null,
        1,
        1,
        28,
        null,
        null,
        1,
        5,
        null,
        null,
        1,
        5,
        5,
        null,
        null,
        1,
        2,
        2,
        1,
        null,
        1,
        1,
        null,
        null,
        null,
        1,
        15,
        15,
        null,
        null,
        1,
        4,
        4,
        3,
        null,
        1,
        null,
        null,
        null,
        1,
        1,
        1,
        1,
        1,
        null,
        null,
        1,
        null,
        1,
        null,
        6,
        null,
        null,
        null,
        null,
        null,
        1,
        5,
        null,
        null,
        null,
        1,
        1,
        null,
        null,
        1,
        3,
        null,
        null,
        1,
        1,
        null,
        null
      ],
      "/home/richard/code/letting/app/controllers/charge_cycles_controller.rb": [
        null,
        null,
        null,
        null,
        null,
        null,
        null,
        null,
        null,
        null,
        null,
        null,
        null,
        null,
        null,
        1,
        1,
        11,
        null,
        null,
        1,
        3,
        null,
        null,
        1,
        4,
        4,
        null,
        null,
        1,
        4,
        4,
        4,
        2,
        null,
        null,
        2,
        null,
        null,
        null,
        1,
        8,
        8,
        null,
        null,
        1,
        2,
        2,
        2,
        2,
        null,
        null,
        0,
        null,
        null,
        null,
        1,
        1,
        1,
        1,
        null,
        null,
        1,
        null,
        1,
        null,
        6,
        null,
        null,
        null,
        null,
        null,
        1,
        5,
        null,
        null,
        1,
        2,
        null,
        null,
        1,
        2,
        null,
        null,
        1,
        1,
        null,
        null
      ],
      "/home/richard/code/letting/app/decorators/address_decorator.rb": [
        1,
        null,
        null,
        null,
        null,
        null,
        null,
        null,
        null,
        null,
        null,
        null,
        null,
        null,
        null,
        null,
        null,
        null,
        null,
        null,
        null,
        null,
        null,
        null,
        null,
        null,
        null,
        null,
        null,
        null,
        null,
        null,
        null,
        null,
        1,
        1,
        null,
        1,
        80,
        null,
        null,
        1,
        80,
        null,
        null,
        1,
        80,
        null,
        null,
        1,
        80,
        null,
        null,
        1,
        80,
        null,
        null
      ],
      "/home/richard/code/letting/app/controllers/payments_controller.rb": [
        null,
        null,
        null,
        null,
        null,
        null,
        null,
        null,
        null,
        null,
        null,
        null,
        null,
        null,
        null,
        null,
        null,
        null,
        1,
        1,
        7,
        7,
        null,
        null,
        null,
        1,
        1,
        1,
        null,
        null,
        1,
        6,
        null,
        null,
        1,
        6,
        6,
        6,
        6,
        null,
        null,
        1,
        2,
        null,
        2,
        1,
        1,
        null,
        1,
        1,
        null,
        null,
        null,
        1,
        3,
        3,
        null,
        null,
        1,
        2,
        2,
        2,
        1,
        1,
        null,
        1,
        null,
        null,
        null,
        1,
        1,
        1,
        1,
        1,
        null,
        null,
        1,
        null,
        1,
        1,
        null,
        null,
        1,
        1,
        null,
        null,
        1,
        1,
        null,
        null,
        1,
        2,
        null,
        null,
        null,
        null,
        1,
        4,
        null,
        null,
        null,
        null,
        null,
        null,
        null,
        null,
        1,
        4,
        null,
        null
      ],
      "/home/richard/code/letting/app/controllers/search_controller.rb": [
        null,
        null,
        null,
        null,
        null,
        null,
        null,
        null,
        null,
        null,
        null,
        null,
        null,
        null,
        null,
        null,
        null,
        1,
        1,
        8,
        8,
        null,
        8,
        3,
        null,
        null,
        null,
        5,
        null,
        5,
        5,
        null,
        null,
        null,
        1,
        null,
        1,
        5,
        5,
        5,
        null,
        null,
        1,
        15,
        15,
        null,
        null,
        1,
        1,
        null,
        null
      ],
      "/home/richard/code/letting/app/decorators/account_balance_decorator.rb": [
        null,
        null,
        null,
        null,
        null,
        null,
        null,
        null,
        null,
        1,
        1,
        null,
        1,
        1,
        null,
        1,
        13,
        13,
        null,
        null,
        1,
        13,
        null,
        null,
        1,
        0,
        null,
        null,
        1,
        11,
        null,
        null,
        1,
        7,
        null,
        null,
        1,
        9,
        null,
        null,
        1,
        7,
        null,
        null
      ],
      "/home/richard/code/letting/app/controllers/sheets_controller.rb": [
        null,
        null,
        null,
        null,
        null,
        null,
        null,
        null,
        null,
        null,
        null,
        null,
        null,
        1,
        1,
        5,
        null,
        null,
        1,
        0,
        null,
        null,
        1,
        0,
        null,
        null,
        1,
        0,
        0,
        0,
        null,
        null,
        0,
        null,
        null,
        null,
        1,
        4,
        null,
        null,
        1,
        2,
        2,
        2,
        null,
        null,
        0,
        null,
        null,
        null,
        1,
        0,
        0,
        0,
        0,
        null,
        null,
        1,
        null,
        1,
        2,
        null,
        null,
        null,
        null,
        null,
        null,
        null,
        1,
        2,
        null,
        null
      ],
      "/home/richard/code/letting/app/controllers/users_controller.rb": [
        null,
        null,
        null,
        null,
        null,
        null,
        null,
        null,
        null,
        null,
        null,
        null,
        null,
        null,
        1,
        1,
        8,
        null,
        null,
        1,
        1,
        null,
        null,
        1,
        2,
        null,
        null,
        1,
        2,
        2,
        1,
        null,
        1,
        null,
        null,
        null,
        1,
        2,
        null,
        null,
        1,
        2,
        2,
        1,
        null,
        1,
        null,
        null,
        null,
        1,
        1,
        1,
        1,
        1,
        null,
        null,
        1,
        null,
        1,
        3,
        null,
        null,
        1,
        1,
        null,
        null,
        1,
        null,
        null,
        4,
        null,
        null
      ],
      "/home/richard/code/letting/app/services/agent_with_id.rb": [
        1,
        null,
        null,
        null,
        null,
        null,
        null,
        null,
        null,
        null,
        null,
        null,
        null,
        null,
        null,
        null,
        1,
        1,
        1,
        null,
        1,
        7,
        null,
        null
      ],
      "/home/richard/code/letting/app/controllers/debit_generators_controller.rb": [
        null,
        null,
        null,
        null,
        null,
        null,
        null,
        null,
        null,
        null,
        null,
        null,
        null,
        null,
        null,
        null,
        null,
        null,
        null,
        null,
        1,
        1,
        1,
        2,
        null,
        null,
        null,
        1,
        2,
        null,
        null,
        1,
        3,
        2,
        null,
        1,
        null,
        null,
        null,
        1,
        null,
        1,
        3,
        null,
        null,
        1,
        2,
        2,
        2,
        2,
        null,
        null,
        1,
        1,
        1,
        1,
        null,
        0,
        null,
        null,
        null,
        1,
        1,
        null,
        null,
        null,
        1,
        2,
        null,
        null,
        1,
        3,
        null,
        null,
        1,
        1,
        null,
        null,
        1,
        1,
        null,
        null
      ],
      "/home/richard/code/letting/app/models/cycle_charged_in.rb": [
        null,
        null,
        null,
        null,
        null,
        null,
        1,
        1,
        1,
        null
      ]
    },
    "timestamp": 1410860896
  }
}
